<?xml version="1.0" encoding="UTF-8"?>
<testsuite xmlns:xsi="http://www.w3.org/2001/XMLSchema-instance" xsi:noNamespaceSchemaLocation="https://maven.apache.org/surefire/maven-surefire-plugin/xsd/surefire-test-report-3.0.xsd" version="3.0" name="com.ejemplo.CalculadoraTest" time="0.04" tests="11" errors="0" skipped="0" failures="0">
  <properties>
[...]
</properties>
  <testcase name="dividirEntreCeroDebeLanzarExcepcion" classname="com.ejemplo.CalculadoraTest" time="0.019"/>
  <testcase name="moduloPorCeroDebeLanzarExcepcion" classname="com.ejemplo.CalculadoraTest" time="0.001"/>
  <testcase name="moduloDebeDarResultadoCorrecto" classname="com.ejemplo.CalculadoraTest" time="0"/>
  <testcase name="sumarNumerosDebeDarResultadoCorrecto" classname="com.ejemplo.CalculadoraTest" time="0"/>
  <testcase name="potenciaDebeDarResultadoCorrecto" classname="com.ejemplo.CalculadoraTest" time="0"/>
  <testcase name="valorAbsolutoDebeDarResultadoCorrecto" classname="com.ejemplo.CalculadoraTest" time="0"/>
  <testcase name="restarNumerosDebeDarResultadoCorrecto" classname="com.ejemplo.CalculadoraTest" time="0.001"/>
  <testcase name="raizCuadradaDeNumeroNegativoDebeLanzarExcepcion" classname="com.ejemplo.CalculadoraTest" time="0.001"/>
  <testcase name="multiplicarNumerosDebeDarResultadoCorrecto" classname="com.ejemplo.CalculadoraTest" time="0.001"/>
  <testcase name="dividirNumerosDebeDarResultadoCorrecto" classname="com.ejemplo.CalculadoraTest" time="0"/>
  <testcase name="raizCuadradaDebeDarResultadoCorrecto" classname="com.ejemplo.CalculadoraTest" time="0"/>
</testsuite>